[debug] [2023-04-30T13:20:49.766Z] ----------------------------------------------------------------------
[debug] [2023-04-30T13:20:49.768Z] Command:       /Users/lifepal/.nvm/versions/node/v16.16.0/bin/node /Users/lifepal/Library/pnpm/global/5/node_modules/firebase-tools/lib/bin/firebase.js init
[debug] [2023-04-30T13:20:49.769Z] CLI Version:   11.29.1
[debug] [2023-04-30T13:20:49.769Z] Platform:      darwin
[debug] [2023-04-30T13:20:49.769Z] Node Version:  v16.16.0
[debug] [2023-04-30T13:20:49.773Z] Time:          Sun Apr 30 2023 20:20:49 GMT+0700 (Western Indonesia Time)
[debug] [2023-04-30T13:20:49.773Z] ----------------------------------------------------------------------
[debug] 
[debug] [2023-04-30T13:20:49.781Z] > command requires scopes: ["email","openid","https://www.googleapis.com/auth/cloudplatformprojects.readonly","https://www.googleapis.com/auth/firebase","https://www.googleapis.com/auth/cloud-platform"]
[debug] [2023-04-30T13:20:49.781Z] > authorizing via signed-in user (muhammad.mochi@gmail.com)
[info] 
     ######## #### ########  ######## ########     ###     ######  ########
     ##        ##  ##     ## ##       ##     ##  ##   ##  ##       ##
     ######    ##  ########  ######   ########  #########  ######  ######
     ##        ##  ##    ##  ##       ##     ## ##     ##       ## ##
     ##       #### ##     ## ######## ########  ##     ##  ######  ########

You're about to initialize a Firebase project in this directory:

  /Users/lifepal/Documents/sidratul/test/pet-social

[debug] [2023-04-30T13:24:57.200Z] ----------------------------------------------------------------------
[debug] [2023-04-30T13:24:57.201Z] Command:       /Users/lifepal/.nvm/versions/node/v16.16.0/bin/node /Users/lifepal/Library/pnpm/global/5/node_modules/firebase-tools/lib/bin/firebase.js init
[debug] [2023-04-30T13:24:57.202Z] CLI Version:   11.29.1
[debug] [2023-04-30T13:24:57.202Z] Platform:      darwin
[debug] [2023-04-30T13:24:57.202Z] Node Version:  v16.16.0
[debug] [2023-04-30T13:24:57.203Z] Time:          Sun Apr 30 2023 20:24:57 GMT+0700 (Western Indonesia Time)
[debug] [2023-04-30T13:24:57.203Z] ----------------------------------------------------------------------
[debug] 
[debug] [2023-04-30T13:24:57.214Z] > command requires scopes: ["email","openid","https://www.googleapis.com/auth/cloudplatformprojects.readonly","https://www.googleapis.com/auth/firebase","https://www.googleapis.com/auth/cloud-platform"]
[debug] [2023-04-30T13:24:57.215Z] > authorizing via signed-in user (muhammad.mochi@gmail.com)
[info] 
     ######## #### ########  ######## ########     ###     ######  ########
     ##        ##  ##     ## ##       ##     ##  ##   ##  ##       ##
     ######    ##  ########  ######   ########  #########  ######  ######
     ##        ##  ##    ##  ##       ##     ## ##     ##       ## ##
     ##       #### ##     ## ######## ########  ##     ##  ######  ########

You're about to initialize a Firebase project in this directory:

  /Users/lifepal/Documents/sidratul/test/pet-social

[info] 
=== Project Setup
[info] 
[info] First, let's associate this project directory with a Firebase project.
[info] You can create multiple project aliases by running firebase use --add, 
[info] but for now we'll just set up a default project.
[info] 
[debug] [2023-04-30T13:25:40.899Z] >>> [apiv2][query] GET https://firebase.googleapis.com/v1beta1/projects pageSize=100
[debug] [2023-04-30T13:25:41.697Z] <<< [apiv2][status] GET https://firebase.googleapis.com/v1beta1/projects 200
[debug] [2023-04-30T13:25:41.697Z] <<< [apiv2][body] GET https://firebase.googleapis.com/v1beta1/projects [omitted]
[info] i  Using project pet-social-f69ee (pet-social) 
[info] 
=== Database Setup
[info] i  database: ensuring required API firebasedatabase.googleapis.com is enabled... 
[debug] [2023-04-30T13:25:46.268Z] >>> [apiv2][query] GET https://serviceusage.googleapis.com/v1/projects/pet-social-f69ee/services/firebasedatabase.googleapis.com [none]
[debug] [2023-04-30T13:25:46.268Z] >>> [apiv2][(partial)header] GET https://serviceusage.googleapis.com/v1/projects/pet-social-f69ee/services/firebasedatabase.googleapis.com x-goog-quota-user=projects/pet-social-f69ee
[debug] [2023-04-30T13:25:47.768Z] <<< [apiv2][status] GET https://serviceusage.googleapis.com/v1/projects/pet-social-f69ee/services/firebasedatabase.googleapis.com 200
[debug] [2023-04-30T13:25:47.768Z] <<< [apiv2][body] GET https://serviceusage.googleapis.com/v1/projects/pet-social-f69ee/services/firebasedatabase.googleapis.com [omitted]
[warn] ⚠  database: missing required API firebasedatabase.googleapis.com. Enabling now... 
[debug] [2023-04-30T13:25:47.770Z] >>> [apiv2][query] POST https://serviceusage.googleapis.com/v1/projects/pet-social-f69ee/services/firebasedatabase.googleapis.com:enable [none]
[debug] [2023-04-30T13:25:47.770Z] >>> [apiv2][(partial)header] POST https://serviceusage.googleapis.com/v1/projects/pet-social-f69ee/services/firebasedatabase.googleapis.com:enable x-goog-quota-user=projects/pet-social-f69ee
[debug] [2023-04-30T13:25:49.395Z] <<< [apiv2][status] POST https://serviceusage.googleapis.com/v1/projects/pet-social-f69ee/services/firebasedatabase.googleapis.com:enable 200
[debug] [2023-04-30T13:25:49.396Z] <<< [apiv2][body] POST https://serviceusage.googleapis.com/v1/projects/pet-social-f69ee/services/firebasedatabase.googleapis.com:enable [omitted]
[debug] [2023-04-30T13:25:59.398Z] >>> [apiv2][query] GET https://serviceusage.googleapis.com/v1/projects/pet-social-f69ee/services/firebasedatabase.googleapis.com [none]
[debug] [2023-04-30T13:25:59.398Z] >>> [apiv2][(partial)header] GET https://serviceusage.googleapis.com/v1/projects/pet-social-f69ee/services/firebasedatabase.googleapis.com x-goog-quota-user=projects/pet-social-f69ee
[debug] [2023-04-30T13:26:00.921Z] <<< [apiv2][status] GET https://serviceusage.googleapis.com/v1/projects/pet-social-f69ee/services/firebasedatabase.googleapis.com 200
[debug] [2023-04-30T13:26:00.921Z] <<< [apiv2][body] GET https://serviceusage.googleapis.com/v1/projects/pet-social-f69ee/services/firebasedatabase.googleapis.com [omitted]
[info] ✔  database: required API firebasedatabase.googleapis.com is enabled 
[info] 
[debug] [2023-04-30T13:26:00.927Z] >>> [apiv2][query] GET https://firebase.googleapis.com/v1beta1/projects/pet-social-f69ee [none]
[debug] [2023-04-30T13:26:01.348Z] <<< [apiv2][status] GET https://firebase.googleapis.com/v1beta1/projects/pet-social-f69ee 200
[debug] [2023-04-30T13:26:01.349Z] <<< [apiv2][body] GET https://firebase.googleapis.com/v1beta1/projects/pet-social-f69ee {"projectId":"pet-social-f69ee","projectNumber":"507305896909","displayName":"pet-social","name":"projects/pet-social-f69ee","resources":{"hostingSite":"pet-social-f69ee"},"state":"ACTIVE","etag":"1_a5e4b5ed-e9b1-4c56-bfee-4002c352cd01"}
[debug] [2023-04-30T13:26:43.338Z] >>> [apiv2][query] POST https://firebasedatabase.googleapis.com/v1beta/projects/pet-social-f69ee/locations/asia-southeast1/instances databaseId=pet-social-f69ee-default-rtdb&validateOnly=true
[debug] [2023-04-30T13:26:43.339Z] >>> [apiv2][body] POST https://firebasedatabase.googleapis.com/v1beta/projects/pet-social-f69ee/locations/asia-southeast1/instances {"type":"default_database"}
[debug] [2023-04-30T13:26:44.356Z] <<< [apiv2][status] POST https://firebasedatabase.googleapis.com/v1beta/projects/pet-social-f69ee/locations/asia-southeast1/instances 200
[debug] [2023-04-30T13:26:44.356Z] <<< [apiv2][body] POST https://firebasedatabase.googleapis.com/v1beta/projects/pet-social-f69ee/locations/asia-southeast1/instances {"name":"projects/507305896909/locations/asia-southeast1/instances/pet-social-f69ee-default-rtdb","project":"projects/507305896909","databaseUrl":"https://pet-social-f69ee-default-rtdb.asia-southeast1.firebasedatabase.app","type":"DEFAULT_DATABASE","state":"ACTIVE"}
[debug] [2023-04-30T13:26:44.358Z] >>> [apiv2][query] POST https://firebasedatabase.googleapis.com/v1beta/projects/pet-social-f69ee/locations/asia-southeast1/instances databaseId=pet-social-f69ee-default-rtdb
[debug] [2023-04-30T13:26:44.358Z] >>> [apiv2][body] POST https://firebasedatabase.googleapis.com/v1beta/projects/pet-social-f69ee/locations/asia-southeast1/instances {"type":"default_database"}
[debug] [2023-04-30T13:26:45.539Z] <<< [apiv2][status] POST https://firebasedatabase.googleapis.com/v1beta/projects/pet-social-f69ee/locations/asia-southeast1/instances 200
[debug] [2023-04-30T13:26:45.540Z] <<< [apiv2][body] POST https://firebasedatabase.googleapis.com/v1beta/projects/pet-social-f69ee/locations/asia-southeast1/instances {"name":"projects/507305896909/locations/asia-southeast1/instances/pet-social-f69ee-default-rtdb","project":"projects/507305896909","databaseUrl":"https://pet-social-f69ee-default-rtdb.asia-southeast1.firebasedatabase.app","type":"DEFAULT_DATABASE","state":"ACTIVE"}
[info] 
[info] Firebase Realtime Database Security Rules allow you to define how your data should be
[info] structured and when your data can be read from and written to.
[info] 
[debug] [2023-04-30T13:26:57.795Z] >>> [apiv2][query] GET https://pet-social-f69ee-default-rtdb.asia-southeast1.firebasedatabase.app/.settings/rules.json [none]
[debug] [2023-04-30T13:26:59.509Z] <<< [apiv2][status] GET https://pet-social-f69ee-default-rtdb.asia-southeast1.firebasedatabase.app/.settings/rules.json 200
[debug] [2023-04-30T13:26:59.510Z] <<< [apiv2][body] GET https://pet-social-f69ee-default-rtdb.asia-southeast1.firebasedatabase.app/.settings/rules.json [stream]
[info] ✔  Database Rules for pet-social-f69ee-default-rtdb have been written to database.rules.json. 
[info] Future modifications to database.rules.json will update Realtime Database Security Rules when you run
[info] firebase deploy.
[info] 
=== Hosting Setup
[info] 
[info] Your public directory is the folder (relative to your project directory) that
[info] will contain Hosting assets to be uploaded with firebase deploy. If you
[info] have a build process for your assets, use your build's output directory.
[info] 
[debug] [2023-04-30T13:27:36.062Z] >>> [apiv2][query] GET https://www.gstatic.com/firebasejs/releases.json [none]
[debug] [2023-04-30T13:27:36.143Z] <<< [apiv2][status] GET https://www.gstatic.com/firebasejs/releases.json 200
[debug] [2023-04-30T13:27:36.143Z] <<< [apiv2][body] GET https://www.gstatic.com/firebasejs/releases.json {"current":{"version":"9.21.0","browserURL":"https://www.gstatic.com/firebasejs/9.21.0/firebase.js","packageURL":"https://www.gstatic.com/firebasejs/9.21.0/firebase.tgz"},"live":{"version":"9.21","browserURL":"https://www.gstatic.com/firebasejs/live/9.21/firebase.js","packageURL":"https://www.gstatic.com/firebasejs/live/9.21/firebase.tgz"},"components":{"analytics":"https://www.gstatic.com/firebasejs/9.21.0/firebase-analytics.js","app":"https://www.gstatic.com/firebasejs/9.21.0/firebase-app.js","app-check":"https://www.gstatic.com/firebasejs/9.21.0/firebase-app-check.js","auth":"https://www.gstatic.com/firebasejs/9.21.0/firebase-auth.js","auth/cordova":"https://www.gstatic.com/firebasejs/9.21.0/firebase-auth/cordova.js","auth/react-native":"https://www.gstatic.com/firebasejs/9.21.0/firebase-auth/react-native.js","functions":"https://www.gstatic.com/firebasejs/9.21.0/firebase-functions.js","firestore":"https://www.gstatic.com/firebasejs/9.21.0/firebase-firestore.js","firestore/lite":"https://www.gstatic.com/firebasejs/9.21.0/firebase-firestore/lite.js","installations":"https://www.gstatic.com/firebasejs/9.21.0/firebase-installations.js","storage":"https://www.gstatic.com/firebasejs/9.21.0/firebase-storage.js","performance":"https://www.gstatic.com/firebasejs/9.21.0/firebase-performance.js","remote-config":"https://www.gstatic.com/firebasejs/9.21.0/firebase-remote-config.js","messaging":"https://www.gstatic.com/firebasejs/9.21.0/firebase-messaging.js","messaging/sw":"https://www.gstatic.com/firebasejs/9.21.0/firebase-messaging/sw.js","database":"https://www.gstatic.com/firebasejs/9.21.0/firebase-database.js","firestore.memory":"https://www.gstatic.com/firebasejs/9.21.0/firebase-firestore.memory.js"}}
[info] ✔  Wrote public/index.html 
[info] 
[info] i  Detected a .git folder at /Users/lifepal/Documents/sidratul/test/pet-social 
[info] i  Authorizing with GitHub to upload your service account to a GitHub repository's secrets store. 
[info] 
[info] Visit this URL on this device to log in:
[info] https://github.com/login/oauth/authorize?client_id=89cf50f02ac6aaed3484&state=137523898&redirect_uri=http%3A%2F%2Flocalhost%3A9005&scope=read%3Auser%20repo%20public_repo
[info] 
[info] Waiting for authentication...
[debug] [2023-04-30T13:28:45.418Z] >>> [apiv2][query] POST https://github.com/login/oauth/access_token [none]
[debug] [2023-04-30T13:28:45.418Z] >>> [apiv2][body] POST https://github.com/login/oauth/access_token [stream]
[debug] [2023-04-30T13:28:45.843Z] <<< [apiv2][status] POST https://github.com/login/oauth/access_token 200
[debug] [2023-04-30T13:28:45.843Z] <<< [apiv2][body] POST https://github.com/login/oauth/access_token {"access_token":"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","token_type":"bearer","scope":"read:user,repo"}
[debug] [2023-04-30T13:28:45.851Z] >>> [apiv2][query] GET https://api.github.com/user [none]
[debug] [2023-04-30T13:28:46.301Z] <<< [apiv2][status] GET https://api.github.com/user 200
[debug] [2023-04-30T13:28:46.301Z] <<< [apiv2][body] GET https://api.github.com/user {"login":"sidratul","id":1049599,"node_id":"MDQ6VXNlcjEwNDk1OTk=","avatar_url":"https://avatars.githubusercontent.com/u/1049599?v=4","gravatar_id":"","url":"https://api.github.com/users/sidratul","html_url":"https://github.com/sidratul","followers_url":"https://api.github.com/users/sidratul/followers","following_url":"https://api.github.com/users/sidratul/following{/other_user}","gists_url":"https://api.github.com/users/sidratul/gists{/gist_id}","starred_url":"https://api.github.com/users/sidratul/starred{/owner}{/repo}","subscriptions_url":"https://api.github.com/users/sidratul/subscriptions","organizations_url":"https://api.github.com/users/sidratul/orgs","repos_url":"https://api.github.com/users/sidratul/repos","events_url":"https://api.github.com/users/sidratul/events{/privacy}","received_events_url":"https://api.github.com/users/sidratul/received_events","type":"User","site_admin":false,"name":"muhammad sidratul muntaha","company":null,"blog":"","location":"jakarta","email":"tear_ofregret@yahoo.co.id","hireable":true,"bio":null,"twitter_username":null,"public_repos":32,"public_gists":0,"followers":19,"following":18,"created_at":"2011-09-14T08:13:51Z","updated_at":"2023-02-24T07:38:37Z","private_gists":1,"total_private_repos":2,"owned_private_repos":2,"disk_usage":127091,"collaborators":1,"two_factor_authentication":false,"plan":{"name":"free","space":976562499,"collaborators":0,"private_repos":10000}}
[info] 
[info] ✔  Success! Logged into GitHub as sidratul 
[info] 
[debug] [2023-04-30T13:28:56.097Z] >>> [apiv2][query] GET https://api.github.com/repos//actions/secrets/public-key type=owner
[debug] [2023-04-30T13:28:56.452Z] <<< [apiv2][status] GET https://api.github.com/repos//actions/secrets/public-key 404
[debug] [2023-04-30T13:28:56.452Z] <<< [apiv2][body] GET https://api.github.com/repos//actions/secrets/public-key {"message":"Not Found","documentation_url":"https://docs.github.com/rest"}
[info] 
[info] 
[error] ⚠  The provided authorization cannot be used with this repository. If this repository is in an organization, did you remember to grant access? 
[info] 
[info] i  Action required: Visit this URL to ensure access has been granted to the appropriate organization(s) for the Firebase CLI GitHub OAuth App: 
[info] https://github.com/settings/connections/applications/89cf50f02ac6aaed3484
[info] 
[debug] [2023-04-30T13:29:00.422Z] >>> [apiv2][query] GET https://api.github.com/repos//actions/secrets/public-key type=owner
[debug] [2023-04-30T13:29:00.856Z] <<< [apiv2][status] GET https://api.github.com/repos//actions/secrets/public-key 404
[debug] [2023-04-30T13:29:00.857Z] <<< [apiv2][body] GET https://api.github.com/repos//actions/secrets/public-key {"message":"Not Found","documentation_url":"https://docs.github.com/rest"}
[info] 
[info] 
[error] ⚠  The provided authorization cannot be used with this repository. If this repository is in an organization, did you remember to grant access? 
[info] 
[info] i  Action required: Visit this URL to ensure access has been granted to the appropriate organization(s) for the Firebase CLI GitHub OAuth App: 
[info] https://github.com/settings/connections/applications/89cf50f02ac6aaed3484
[info] 
[debug] [2023-04-30T13:29:04.214Z] >>> [apiv2][query] GET https://api.github.com/repos//actions/secrets/public-key type=owner
[debug] [2023-04-30T13:29:04.613Z] <<< [apiv2][status] GET https://api.github.com/repos//actions/secrets/public-key 404
[debug] [2023-04-30T13:29:04.613Z] <<< [apiv2][body] GET https://api.github.com/repos//actions/secrets/public-key {"message":"Not Found","documentation_url":"https://docs.github.com/rest"}
[info] 
[info] 
[error] ⚠  The provided authorization cannot be used with this repository. If this repository is in an organization, did you remember to grant access? 
[info] 
[info] i  Action required: Visit this URL to ensure access has been granted to the appropriate organization(s) for the Firebase CLI GitHub OAuth App: 
[info] https://github.com/settings/connections/applications/89cf50f02ac6aaed3484
[info] 
[debug] [2023-04-30T13:29:39.812Z] >>> [apiv2][query] GET https://api.github.com/repos/sidratul/pet-social/actions/secrets/public-key type=owner
[debug] [2023-04-30T13:29:40.179Z] <<< [apiv2][status] GET https://api.github.com/repos/sidratul/pet-social/actions/secrets/public-key 404
[debug] [2023-04-30T13:29:40.179Z] <<< [apiv2][body] GET https://api.github.com/repos/sidratul/pet-social/actions/secrets/public-key {"message":"Not Found","documentation_url":"https://docs.github.com/rest/reference/actions#get-a-repository-public-key"}
[info] 
[info] 
[error] ⚠  The provided authorization cannot be used with this repository. If this repository is in an organization, did you remember to grant access? 
[info] 
[info] i  Action required: Visit this URL to ensure access has been granted to the appropriate organization(s) for the Firebase CLI GitHub OAuth App: 
[info] https://github.com/settings/connections/applications/89cf50f02ac6aaed3484
[info] 
